20:42:54.990 [main] DEBUG org.testng.TestNG - suiteXmlPath: "C:\Users\ADMIN\AppData\Local\Temp\testng-eclipse--62023198\testng-customsuite.xml"
20:42:55.274 [main] INFO  org.testng.internal.Utils - [Utils] MethodGroupsHelper.collectMethodsByGroup() took 0 ms.
20:42:55.278 [main] INFO  org.testng.internal.Utils - [Utils] MethodGroupsHelper.sortMethods() took 1 ms.
20:42:55.281 [main] INFO  org.testng.internal.Utils - [Utils] MethodGroupsHelper.collectMethodsByGroup() took 0 ms.
20:42:55.281 [main] INFO  org.testng.internal.Utils - [Utils] MethodGroupsHelper.sortMethods() took 0 ms.
20:42:55.282 [main] INFO  org.testng.internal.Utils - [Utils] MethodGroupsHelper.collectMethodsByGroup() took 0 ms.
20:42:55.283 [main] INFO  org.testng.internal.Utils - [Utils] MethodGroupsHelper.sortMethods() took 0 ms.
20:42:55.284 [main] INFO  org.testng.internal.Utils - [Utils] MethodGroupsHelper.collectMethodsByGroup() took 0 ms.
20:42:55.284 [main] INFO  org.testng.internal.Utils - [Utils] MethodGroupsHelper.sortMethods() took 0 ms.
20:42:55.294 [main] INFO  org.testng.internal.Utils - [Utils] MethodGroupsHelper.collectMethodsByGroup() took 8 ms.
20:42:55.309 [main] INFO  org.testng.internal.Utils - [Utils] MethodGroupsHelper.sortMethods() took 13 ms.
20:42:55.313 [main] INFO  org.testng.internal.Utils - [Utils] MethodGroupsHelper.collectMethodsByGroup() took 1 ms.
20:42:55.314 [main] INFO  org.testng.internal.Utils - [Utils] MethodGroupsHelper.sortMethods() took 0 ms.
20:42:55.315 [main] INFO  org.testng.internal.Utils - [Utils] MethodGroupsHelper.collectMethodsByGroup() took 0 ms.
20:42:55.316 [main] INFO  org.testng.internal.Utils - [Utils] MethodGroupsHelper.sortMethods() took 0 ms.
20:42:55.316 [main] INFO  org.testng.internal.Utils - [Utils] MethodGroupsHelper.collectMethodsByGroup() took 0 ms.
20:42:55.317 [main] INFO  org.testng.internal.Utils - [Utils] MethodGroupsHelper.sortMethods() took 0 ms.
20:42:55.320 [main] INFO  org.testng.internal.Utils - [Utils] MethodGroupsHelper.collectMethodsByGroup() took 0 ms.
20:42:55.320 [main] INFO  org.testng.internal.Utils - [Utils] MethodGroupsHelper.sortMethods() took 0 ms.
20:42:55.321 [main] INFO  org.testng.internal.Utils - [Utils] MethodGroupsHelper.collectMethodsByGroup() took 0 ms.
20:42:55.321 [main] INFO  org.testng.internal.Utils - [Utils] MethodGroupsHelper.sortMethods() took 0 ms.
20:42:55.326 [main] INFO  org.testng.internal.Utils - [Utils] MethodGroupsHelper.collectMethodsByGroup() took 0 ms.
20:42:55.326 [main] INFO  org.testng.internal.Utils - [Utils] MethodGroupsHelper.sortMethods() took 0 ms.
20:42:55.327 [main] INFO  org.testng.internal.Utils - [Utils] MethodGroupsHelper.collectMethodsByGroup() took 0 ms.
20:42:55.327 [main] INFO  org.testng.internal.Utils - [Utils] MethodGroupsHelper.sortMethods() took 0 ms.
20:42:55.330 [main] INFO  org.testng.internal.Utils - [Utils] MethodGroupsHelper.collectMethodsByGroup() took 1 ms.
20:42:55.331 [main] INFO  org.testng.internal.Utils - [Utils] MethodGroupsHelper.sortMethods() took 0 ms.
20:42:55.333 [main] INFO  org.testng.internal.Utils - [Utils] MethodGroupsHelper.collectMethodsByGroup() took 0 ms.
20:42:55.334 [main] INFO  org.testng.internal.Utils - [Utils] MethodGroupsHelper.sortMethods() took 0 ms.
20:42:55.334 [main] INFO  org.testng.internal.Utils - [Utils] MethodGroupsHelper.collectMethodsByGroup() took 0 ms.
20:42:55.334 [main] INFO  org.testng.internal.Utils - [Utils] MethodGroupsHelper.sortMethods() took 0 ms.
20:42:55.346 [main] INFO  org.testng.internal.Utils - [TestNG] Running:
  C:\Users\ADMIN\AppData\Local\Temp\testng-eclipse--62023198\testng-customsuite.xml

20:42:55.373 [main] INFO  org.testng.internal.Utils - [Utils] DynamicGraphHelper.createDynamicGraph() took 6 ms.
20:42:58.951 [main] INFO  testCases.tc001_AccountRegistrationTest - *** Starting TC001_AccountRegistrationTest ***
20:42:59.107 [main] INFO  testCases.tc001_AccountRegistrationTest - *** Clicked on My Account link ***
20:42:59.674 [main] INFO  testCases.tc001_AccountRegistrationTest - *** Clicked on Register Link ***
20:42:59.677 [main] INFO  testCases.tc001_AccountRegistrationTest - *** Providing Customer Details ***
20:43:01.240 [main] INFO  testCases.tc001_AccountRegistrationTest - *** Validating expected Message ***
20:43:01.289 [main] ERROR testCases.tc001_AccountRegistrationTest - Test Failed
20:43:01.289 [main] DEBUG testCases.tc001_AccountRegistrationTest - Debug logs...
20:43:01.683 [main] INFO  org.testng.internal.Utils - [TestNG] Time taken by org.testng.reporters.jq.Main@529cfee5: 91 ms
20:43:01.705 [main] INFO  org.testng.internal.Utils - [TestNG] Time taken by org.testng.reporters.FailedReporter@2b4c3c29: 21 ms
20:43:01.719 [main] INFO  org.testng.internal.Utils - [TestNG] Time taken by org.testng.reporters.XMLReporter@325bb9a6: 14 ms
20:43:01.731 [main] INFO  org.testng.internal.Utils - [TestNG] Time taken by org.testng.reporters.EmailableReporter2@64138b0c: 11 ms
20:43:01.744 [main] INFO  org.testng.internal.Utils - [TestNG] Time taken by org.testng.reporters.JUnitReportReporter@1698d7c0: 13 ms
20:43:01.745 [main] INFO  org.testng.internal.Utils - [TestNG] Time taken by org.testng.internal.ExitCodeListener@281f23f2: 1 ms
21:38:37.585 [main] DEBUG org.testng.TestNG - suiteXmlPath: "C:\Users\ADMIN\eclipse-workspace\AkashFrameWork\master.xml"
21:38:37.606 [main] WARN  org.testng.xml.TestNGContentHandler - It is strongly recommended to add "<!DOCTYPE suite SYSTEM "https://testng.org/testng-1.1.dtd" >" at the top of the suite file [C:\Users\ADMIN\eclipse-workspace\AkashFrameWork\master.xml] otherwise TestNG may fail or not work as expected.
21:38:37.873 [main] INFO  org.testng.internal.Utils - [TestNG] Running:
  C:\Users\ADMIN\eclipse-workspace\AkashFrameWork\master.xml

21:38:41.923 [main] INFO  testCases.tc001_AccountRegistrationTest - *** Starting TC001_AccountRegistrationTest ***
21:38:42.069 [main] INFO  testCases.tc001_AccountRegistrationTest - *** Clicked on My Account link ***
21:38:42.700 [main] INFO  testCases.tc001_AccountRegistrationTest - *** Clicked on Register Link ***
21:38:42.703 [main] INFO  testCases.tc001_AccountRegistrationTest - *** Providing Customer Details ***
21:38:44.380 [main] INFO  testCases.tc001_AccountRegistrationTest - *** Validating expected Message ***
21:38:44.434 [main] INFO  testCases.tc001_AccountRegistrationTest - *** Finished TC001_AccountRegistrationTest ***
21:39:02.843 [main] DEBUG org.testng.TestNG - suiteXmlPath: "C:\Users\ADMIN\eclipse-workspace\AkashFrameWork\master.xml"
21:39:02.866 [main] WARN  org.testng.xml.TestNGContentHandler - It is strongly recommended to add "<!DOCTYPE suite SYSTEM "https://testng.org/testng-1.1.dtd" >" at the top of the suite file [C:\Users\ADMIN\eclipse-workspace\AkashFrameWork\master.xml] otherwise TestNG may fail or not work as expected.
21:39:03.137 [main] INFO  org.testng.internal.Utils - [TestNG] Running:
  C:\Users\ADMIN\eclipse-workspace\AkashFrameWork\master.xml

21:39:30.196 [main] DEBUG org.testng.TestNG - suiteXmlPath: "C:\Users\ADMIN\eclipse-workspace\AkashFrameWork\master.xml"
21:39:30.229 [main] WARN  org.testng.xml.TestNGContentHandler - It is strongly recommended to add "<!DOCTYPE suite SYSTEM "https://testng.org/testng-1.1.dtd" >" at the top of the suite file [C:\Users\ADMIN\eclipse-workspace\AkashFrameWork\master.xml] otherwise TestNG may fail or not work as expected.
21:39:30.522 [main] INFO  org.testng.internal.Utils - [TestNG] Running:
  C:\Users\ADMIN\eclipse-workspace\AkashFrameWork\master.xml

21:39:38.220 [main] INFO  testCases.tc001_AccountRegistrationTest - *** Starting TC001_AccountRegistrationTest ***
21:39:38.542 [main] INFO  testCases.tc001_AccountRegistrationTest - *** Clicked on My Account link ***
21:39:39.444 [main] INFO  testCases.tc001_AccountRegistrationTest - *** Clicked on Register Link ***
21:39:39.448 [main] INFO  testCases.tc001_AccountRegistrationTest - *** Providing Customer Details ***
21:39:40.199 [main] INFO  testCases.tc001_AccountRegistrationTest - *** Starting TC001_AccountRegistrationTest ***
21:39:40.578 [main] INFO  testCases.tc001_AccountRegistrationTest - *** Clicked on My Account link ***
21:39:41.342 [main] INFO  testCases.tc001_AccountRegistrationTest - *** Clicked on Register Link ***
21:39:41.347 [main] INFO  testCases.tc001_AccountRegistrationTest - *** Providing Customer Details ***
21:39:41.696 [main] INFO  testCases.tc001_AccountRegistrationTest - *** Validating expected Message ***
21:39:41.803 [main] INFO  testCases.tc001_AccountRegistrationTest - *** Finished TC001_AccountRegistrationTest ***
21:39:42.997 [main] INFO  testCases.tc001_AccountRegistrationTest - *** Validating expected Message ***
21:39:43.025 [main] INFO  testCases.tc001_AccountRegistrationTest - *** Finished TC001_AccountRegistrationTest ***
21:44:15.160 [main] DEBUG org.testng.TestNG - suiteXmlPath: "C:\Users\ADMIN\eclipse-workspace\AkashFrameWork\crossbrowsertesting.xml"
21:44:15.180 [main] WARN  org.testng.xml.TestNGContentHandler - It is strongly recommended to add "<!DOCTYPE suite SYSTEM "https://testng.org/testng-1.1.dtd" >" at the top of the suite file [C:\Users\ADMIN\eclipse-workspace\AkashFrameWork\crossbrowsertesting.xml] otherwise TestNG may fail or not work as expected.
21:44:15.503 [main] INFO  org.testng.internal.Utils - [TestNG] Running:
  C:\Users\ADMIN\eclipse-workspace\AkashFrameWork\crossbrowsertesting.xml

21:44:19.316 [main] INFO  testCases.tc001_AccountRegistrationTest - *** Starting TC001_AccountRegistrationTest ***
21:44:19.488 [main] INFO  testCases.tc001_AccountRegistrationTest - *** Clicked on My Account link ***
21:44:20.088 [main] INFO  testCases.tc001_AccountRegistrationTest - *** Clicked on Register Link ***
21:44:20.095 [main] INFO  testCases.tc001_AccountRegistrationTest - *** Providing Customer Details ***
21:44:21.777 [main] INFO  testCases.tc001_AccountRegistrationTest - *** Validating expected Message ***
21:44:21.823 [main] INFO  testCases.tc001_AccountRegistrationTest - *** Finished TC001_AccountRegistrationTest ***
21:44:24.859 [main] INFO  testCases.tc001_AccountRegistrationTest - *** Starting TC001_AccountRegistrationTest ***
21:44:24.983 [main] INFO  testCases.tc001_AccountRegistrationTest - *** Clicked on My Account link ***
21:44:25.665 [main] INFO  testCases.tc001_AccountRegistrationTest - *** Clicked on Register Link ***
21:44:25.665 [main] INFO  testCases.tc001_AccountRegistrationTest - *** Providing Customer Details ***
21:44:27.325 [main] INFO  testCases.tc001_AccountRegistrationTest - *** Validating expected Message ***
21:44:27.360 [main] INFO  testCases.tc001_AccountRegistrationTest - *** Finished TC001_AccountRegistrationTest ***
21:44:34.129 [main] INFO  testCases.tc001_AccountRegistrationTest - *** Starting TC001_AccountRegistrationTest ***
21:44:34.423 [main] INFO  testCases.tc001_AccountRegistrationTest - *** Clicked on My Account link ***
21:44:35.057 [main] INFO  testCases.tc001_AccountRegistrationTest - *** Clicked on Register Link ***
21:44:35.058 [main] INFO  testCases.tc001_AccountRegistrationTest - *** Providing Customer Details ***
21:44:36.752 [main] INFO  testCases.tc001_AccountRegistrationTest - *** Validating expected Message ***
21:44:36.774 [main] INFO  testCases.tc001_AccountRegistrationTest - *** Finished TC001_AccountRegistrationTest ***
21:45:08.469 [main] DEBUG org.testng.TestNG - suiteXmlPath: "C:\Users\ADMIN\eclipse-workspace\AkashFrameWork\crossbrowsertesting.xml"
21:45:08.493 [main] WARN  org.testng.xml.TestNGContentHandler - It is strongly recommended to add "<!DOCTYPE suite SYSTEM "https://testng.org/testng-1.1.dtd" >" at the top of the suite file [C:\Users\ADMIN\eclipse-workspace\AkashFrameWork\crossbrowsertesting.xml] otherwise TestNG may fail or not work as expected.
21:45:08.801 [main] INFO  org.testng.internal.Utils - [TestNG] Running:
  C:\Users\ADMIN\eclipse-workspace\AkashFrameWork\crossbrowsertesting.xml

21:45:12.441 [main] INFO  testCases.tc001_AccountRegistrationTest - *** Starting TC001_AccountRegistrationTest ***
21:45:12.586 [main] INFO  testCases.tc001_AccountRegistrationTest - *** Clicked on My Account link ***
21:45:13.175 [main] INFO  testCases.tc001_AccountRegistrationTest - *** Clicked on Register Link ***
21:45:13.178 [main] INFO  testCases.tc001_AccountRegistrationTest - *** Providing Customer Details ***
21:45:14.778 [main] INFO  testCases.tc001_AccountRegistrationTest - *** Validating expected Message ***
21:45:14.823 [main] INFO  testCases.tc001_AccountRegistrationTest - *** Finished TC001_AccountRegistrationTest ***
21:45:17.871 [main] INFO  testCases.tc001_AccountRegistrationTest - *** Starting TC001_AccountRegistrationTest ***
21:45:17.990 [main] INFO  testCases.tc001_AccountRegistrationTest - *** Clicked on My Account link ***
21:45:18.624 [main] INFO  testCases.tc001_AccountRegistrationTest - *** Clicked on Register Link ***
21:45:18.626 [main] INFO  testCases.tc001_AccountRegistrationTest - *** Providing Customer Details ***
21:45:20.166 [main] INFO  testCases.tc001_AccountRegistrationTest - *** Validating expected Message ***
21:45:20.202 [main] INFO  testCases.tc001_AccountRegistrationTest - *** Finished TC001_AccountRegistrationTest ***
21:45:27.365 [main] INFO  testCases.tc001_AccountRegistrationTest - *** Starting TC001_AccountRegistrationTest ***
21:45:27.637 [main] INFO  testCases.tc001_AccountRegistrationTest - *** Clicked on My Account link ***
21:45:28.297 [main] INFO  testCases.tc001_AccountRegistrationTest - *** Clicked on Register Link ***
21:45:28.298 [main] INFO  testCases.tc001_AccountRegistrationTest - *** Providing Customer Details ***
21:45:30.070 [main] INFO  testCases.tc001_AccountRegistrationTest - *** Validating expected Message ***
21:45:30.090 [main] INFO  testCases.tc001_AccountRegistrationTest - *** Finished TC001_AccountRegistrationTest ***
21:46:37.296 [main] DEBUG org.testng.TestNG - suiteXmlPath: "C:\Users\ADMIN\eclipse-workspace\AkashFrameWork\crossbrowsertesting.xml"
21:46:37.322 [main] WARN  org.testng.xml.TestNGContentHandler - It is strongly recommended to add "<!DOCTYPE suite SYSTEM "https://testng.org/testng-1.1.dtd" >" at the top of the suite file [C:\Users\ADMIN\eclipse-workspace\AkashFrameWork\crossbrowsertesting.xml] otherwise TestNG may fail or not work as expected.
21:46:37.633 [main] INFO  org.testng.internal.Utils - [TestNG] Running:
  C:\Users\ADMIN\eclipse-workspace\AkashFrameWork\crossbrowsertesting.xml

21:46:41.055 [main] INFO  testCases.tc001_AccountRegistrationTest - *** Starting TC001_AccountRegistrationTest ***
21:46:41.202 [main] INFO  testCases.tc001_AccountRegistrationTest - *** Clicked on My Account link ***
21:46:41.782 [main] INFO  testCases.tc001_AccountRegistrationTest - *** Clicked on Register Link ***
21:46:41.785 [main] INFO  testCases.tc001_AccountRegistrationTest - *** Providing Customer Details ***
21:46:43.245 [main] INFO  testCases.tc001_AccountRegistrationTest - *** Validating expected Message ***
21:46:43.293 [main] INFO  testCases.tc001_AccountRegistrationTest - *** Finished TC001_AccountRegistrationTest ***
21:46:46.313 [main] INFO  testCases.tc001_AccountRegistrationTest - *** Starting TC001_AccountRegistrationTest ***
21:46:46.433 [main] INFO  testCases.tc001_AccountRegistrationTest - *** Clicked on My Account link ***
21:46:47.045 [main] INFO  testCases.tc001_AccountRegistrationTest - *** Clicked on Register Link ***
21:46:47.046 [main] INFO  testCases.tc001_AccountRegistrationTest - *** Providing Customer Details ***
21:46:48.549 [main] INFO  testCases.tc001_AccountRegistrationTest - *** Validating expected Message ***
21:46:48.594 [main] INFO  testCases.tc001_AccountRegistrationTest - *** Finished TC001_AccountRegistrationTest ***
21:46:55.277 [main] INFO  testCases.tc001_AccountRegistrationTest - *** Starting TC001_AccountRegistrationTest ***
21:46:55.550 [main] INFO  testCases.tc001_AccountRegistrationTest - *** Clicked on My Account link ***
21:46:56.134 [main] INFO  testCases.tc001_AccountRegistrationTest - *** Clicked on Register Link ***
21:46:56.135 [main] INFO  testCases.tc001_AccountRegistrationTest - *** Providing Customer Details ***
21:46:57.654 [main] INFO  testCases.tc001_AccountRegistrationTest - *** Validating expected Message ***
21:46:57.676 [main] INFO  testCases.tc001_AccountRegistrationTest - *** Finished TC001_AccountRegistrationTest ***
21:47:24.087 [main] DEBUG org.testng.TestNG - suiteXmlPath: "C:\Users\ADMIN\eclipse-workspace\AkashFrameWork\crossbrowsertesting.xml"
21:47:24.108 [main] WARN  org.testng.xml.TestNGContentHandler - It is strongly recommended to add "<!DOCTYPE suite SYSTEM "https://testng.org/testng-1.1.dtd" >" at the top of the suite file [C:\Users\ADMIN\eclipse-workspace\AkashFrameWork\crossbrowsertesting.xml] otherwise TestNG may fail or not work as expected.
21:47:24.392 [main] INFO  org.testng.internal.Utils - [TestNG] Running:
  C:\Users\ADMIN\eclipse-workspace\AkashFrameWork\crossbrowsertesting.xml

21:47:28.345 [TestNG-tests-1] INFO  testCases.tc001_AccountRegistrationTest - *** Starting TC001_AccountRegistrationTest ***
21:47:28.344 [TestNG-tests-2] INFO  testCases.tc001_AccountRegistrationTest - *** Starting TC001_AccountRegistrationTest ***
21:47:28.522 [TestNG-tests-2] INFO  testCases.tc001_AccountRegistrationTest - *** Clicked on My Account link ***
21:47:28.524 [TestNG-tests-1] INFO  testCases.tc001_AccountRegistrationTest - *** Clicked on My Account link ***
21:47:29.267 [TestNG-tests-1] INFO  testCases.tc001_AccountRegistrationTest - *** Clicked on Register Link ***
21:47:29.277 [TestNG-tests-1] INFO  testCases.tc001_AccountRegistrationTest - *** Providing Customer Details ***
21:47:29.373 [TestNG-tests-2] INFO  testCases.tc001_AccountRegistrationTest - *** Clicked on Register Link ***
21:47:29.374 [TestNG-tests-2] INFO  testCases.tc001_AccountRegistrationTest - *** Providing Customer Details ***
21:47:32.243 [TestNG-tests-3] INFO  testCases.tc001_AccountRegistrationTest - *** Starting TC001_AccountRegistrationTest ***
21:47:32.514 [TestNG-tests-3] INFO  testCases.tc001_AccountRegistrationTest - *** Clicked on My Account link ***
21:47:32.677 [TestNG-tests-1] INFO  testCases.tc001_AccountRegistrationTest - *** Validating expected Message ***
21:47:32.691 [TestNG-tests-2] INFO  testCases.tc001_AccountRegistrationTest - *** Validating expected Message ***
21:47:32.749 [TestNG-tests-2] INFO  testCases.tc001_AccountRegistrationTest - *** Finished TC001_AccountRegistrationTest ***
21:47:32.749 [TestNG-tests-1] INFO  testCases.tc001_AccountRegistrationTest - *** Finished TC001_AccountRegistrationTest ***
21:47:33.222 [TestNG-tests-3] INFO  testCases.tc001_AccountRegistrationTest - *** Clicked on Register Link ***
21:47:33.223 [TestNG-tests-3] INFO  testCases.tc001_AccountRegistrationTest - *** Providing Customer Details ***
21:47:34.802 [TestNG-tests-3] INFO  testCases.tc001_AccountRegistrationTest - *** Validating expected Message ***
21:47:34.835 [TestNG-tests-3] INFO  testCases.tc001_AccountRegistrationTest - *** Finished TC001_AccountRegistrationTest ***
21:49:57.845 [main] DEBUG org.testng.TestNG - suiteXmlPath: "C:\Users\ADMIN\eclipse-workspace\AkashFrameWork\crossbrowsertesting.xml"
21:49:57.868 [main] WARN  org.testng.xml.TestNGContentHandler - It is strongly recommended to add "<!DOCTYPE suite SYSTEM "https://testng.org/testng-1.1.dtd" >" at the top of the suite file [C:\Users\ADMIN\eclipse-workspace\AkashFrameWork\crossbrowsertesting.xml] otherwise TestNG may fail or not work as expected.
21:49:58.174 [main] INFO  org.testng.internal.Utils - [TestNG] Running:
  C:\Users\ADMIN\eclipse-workspace\AkashFrameWork\crossbrowsertesting.xml

21:50:02.667 [TestNG-tests-1] INFO  testCases.tc001_AccountRegistrationTest - *** Starting TC001_AccountRegistrationTest ***
21:50:02.789 [TestNG-tests-2] INFO  testCases.tc001_AccountRegistrationTest - *** Starting TC001_AccountRegistrationTest ***
21:50:02.919 [TestNG-tests-1] INFO  testCases.tc001_AccountRegistrationTest - *** Clicked on My Account link ***
21:50:02.941 [TestNG-tests-2] INFO  testCases.tc001_AccountRegistrationTest - *** Clicked on My Account link ***
21:50:03.986 [TestNG-tests-1] INFO  testCases.tc001_AccountRegistrationTest - *** Clicked on Register Link ***
21:50:03.991 [TestNG-tests-1] INFO  testCases.tc001_AccountRegistrationTest - *** Providing Customer Details ***
21:50:04.012 [TestNG-tests-2] INFO  testCases.tc001_AccountRegistrationTest - *** Clicked on Register Link ***
21:50:04.013 [TestNG-tests-2] INFO  testCases.tc001_AccountRegistrationTest - *** Providing Customer Details ***
21:50:06.100 [TestNG-tests-3] INFO  testCases.tc001_AccountRegistrationTest - *** Starting TC001_AccountRegistrationTest ***
21:50:06.468 [TestNG-tests-3] INFO  testCases.tc001_AccountRegistrationTest - *** Clicked on My Account link ***
21:50:07.391 [TestNG-tests-2] INFO  testCases.tc001_AccountRegistrationTest - *** Validating expected Message ***
21:50:07.435 [TestNG-tests-2] INFO  testCases.tc001_AccountRegistrationTest - *** Finished TC001_AccountRegistrationTest ***
21:50:07.579 [TestNG-tests-1] INFO  testCases.tc001_AccountRegistrationTest - *** Validating expected Message ***
21:50:07.674 [TestNG-tests-1] INFO  testCases.tc001_AccountRegistrationTest - *** Finished TC001_AccountRegistrationTest ***
21:50:07.710 [TestNG-tests-3] INFO  testCases.tc001_AccountRegistrationTest - *** Clicked on Register Link ***
21:50:07.714 [TestNG-tests-3] INFO  testCases.tc001_AccountRegistrationTest - *** Providing Customer Details ***
21:50:09.464 [TestNG-tests-3] INFO  testCases.tc001_AccountRegistrationTest - *** Validating expected Message ***
21:50:09.501 [TestNG-tests-3] INFO  testCases.tc001_AccountRegistrationTest - *** Finished TC001_AccountRegistrationTest ***
22:07:46.784 [main] DEBUG org.testng.TestNG - suiteXmlPath: "C:\Users\ADMIN\eclipse-workspace\AkashFrameWork\master.xml"
22:07:46.804 [main] WARN  org.testng.xml.TestNGContentHandler - It is strongly recommended to add "<!DOCTYPE suite SYSTEM "https://testng.org/testng-1.1.dtd" >" at the top of the suite file [C:\Users\ADMIN\eclipse-workspace\AkashFrameWork\master.xml] otherwise TestNG may fail or not work as expected.
22:07:47.042 [main] INFO  org.testng.internal.Utils - [TestNG] Running:
  C:\Users\ADMIN\eclipse-workspace\AkashFrameWork\master.xml

22:07:50.608 [main] INFO  testCases.tc001_AccountRegistrationTest - *** Starting TC001_AccountRegistrationTest ***
22:07:50.788 [main] INFO  testCases.tc001_AccountRegistrationTest - *** Clicked on My Account link ***
22:07:51.533 [main] INFO  testCases.tc001_AccountRegistrationTest - *** Clicked on Register Link ***
22:07:51.535 [main] INFO  testCases.tc001_AccountRegistrationTest - *** Providing Customer Details ***
22:07:52.112 [main] INFO  testCases.tc001_AccountRegistrationTest - *** Validating expected Message ***
22:07:53.076 [main] INFO  testCases.tc001_AccountRegistrationTest - *** Finished TC001_AccountRegistrationTest ***
22:06:13.827 [main] DEBUG org.testng.TestNG - suiteXmlPath: "C:\Users\ADMIN\eclipse-workspace\AkashFrameWork\master.xml"
22:06:13.872 [main] WARN  org.testng.xml.TestNGContentHandler - It is strongly recommended to add "<!DOCTYPE suite SYSTEM "https://testng.org/testng-1.1.dtd" >" at the top of the suite file [C:\Users\ADMIN\eclipse-workspace\AkashFrameWork\master.xml] otherwise TestNG may fail or not work as expected.
22:06:14.427 [main] INFO  org.testng.internal.Utils - [TestNG] Running:
  C:\Users\ADMIN\eclipse-workspace\AkashFrameWork\master.xml

22:06:22.664 [main] INFO  testCases.tc002_LoginTest - *** Starting TC_002_LoginTest ***
22:07:54.787 [main] DEBUG org.testng.TestNG - suiteXmlPath: "C:\Users\ADMIN\eclipse-workspace\AkashFrameWork\master.xml"
22:07:54.822 [main] WARN  org.testng.xml.TestNGContentHandler - It is strongly recommended to add "<!DOCTYPE suite SYSTEM "https://testng.org/testng-1.1.dtd" >" at the top of the suite file [C:\Users\ADMIN\eclipse-workspace\AkashFrameWork\master.xml] otherwise TestNG may fail or not work as expected.
22:07:55.273 [main] INFO  org.testng.internal.Utils - [TestNG] Running:
  C:\Users\ADMIN\eclipse-workspace\AkashFrameWork\master.xml

22:08:00.400 [main] INFO  testCases.tc002_LoginTest - *** Starting TC_002_LoginTest ***
22:09:54.604 [main] DEBUG org.testng.TestNG - suiteXmlPath: "C:\Users\ADMIN\eclipse-workspace\AkashFrameWork\master.xml"
22:09:54.641 [main] WARN  org.testng.xml.TestNGContentHandler - It is strongly recommended to add "<!DOCTYPE suite SYSTEM "https://testng.org/testng-1.1.dtd" >" at the top of the suite file [C:\Users\ADMIN\eclipse-workspace\AkashFrameWork\master.xml] otherwise TestNG may fail or not work as expected.
22:09:55.140 [main] INFO  org.testng.internal.Utils - [TestNG] Running:
  C:\Users\ADMIN\eclipse-workspace\AkashFrameWork\master.xml

22:10:00.461 [main] INFO  testCases.tc002_LoginTest - *** Starting TC_002_LoginTest ***
22:11:56.019 [main] DEBUG org.testng.TestNG - suiteXmlPath: "C:\Users\ADMIN\eclipse-workspace\AkashFrameWork\master.xml"
22:11:56.075 [main] WARN  org.testng.xml.TestNGContentHandler - It is strongly recommended to add "<!DOCTYPE suite SYSTEM "https://testng.org/testng-1.1.dtd" >" at the top of the suite file [C:\Users\ADMIN\eclipse-workspace\AkashFrameWork\master.xml] otherwise TestNG may fail or not work as expected.
22:11:56.559 [main] INFO  org.testng.internal.Utils - [TestNG] Running:
  C:\Users\ADMIN\eclipse-workspace\AkashFrameWork\master.xml

22:12:02.995 [main] INFO  testCases.tc002_LoginTest - *** Starting TC_002_LoginTest ***
22:12:05.886 [main] INFO  testCases.tc002_LoginTest - *** Finished Test Login TestCase ***
21:27:45.500 [main] DEBUG org.testng.TestNG - suiteXmlPath: "C:\Users\ADMIN\eclipse-workspace\AkashFrameWork\master.xml"
21:27:45.533 [main] WARN  org.testng.xml.TestNGContentHandler - It is strongly recommended to add "<!DOCTYPE suite SYSTEM "https://testng.org/testng-1.1.dtd" >" at the top of the suite file [C:\Users\ADMIN\eclipse-workspace\AkashFrameWork\master.xml] otherwise TestNG may fail or not work as expected.
21:27:45.913 [main] INFO  org.testng.internal.Utils - [TestNG] Running:
  C:\Users\ADMIN\eclipse-workspace\AkashFrameWork\master.xml

21:27:52.587 [main] INFO  testCases.tc002_LoginTest - *** Starting TC_002_LoginTest ***
21:27:54.546 [main] INFO  testCases.tc002_LoginTest - *** Finished Test Login TestCase ***
21:28:42.947 [main] DEBUG org.testng.TestNG - suiteXmlPath: "C:\Users\ADMIN\eclipse-workspace\AkashFrameWork\master.xml"
21:28:42.972 [main] WARN  org.testng.xml.TestNGContentHandler - It is strongly recommended to add "<!DOCTYPE suite SYSTEM "https://testng.org/testng-1.1.dtd" >" at the top of the suite file [C:\Users\ADMIN\eclipse-workspace\AkashFrameWork\master.xml] otherwise TestNG may fail or not work as expected.
21:28:43.252 [main] INFO  org.testng.internal.Utils - [TestNG] Running:
  C:\Users\ADMIN\eclipse-workspace\AkashFrameWork\master.xml

21:28:47.532 [main] INFO  testCases.tc002_LoginTest - *** Starting TC_002_LoginTest ***
21:28:49.461 [main] INFO  testCases.tc002_LoginTest - *** Finished Test Login TestCase ***
08:36:41.460 [main] DEBUG org.testng.TestNG - suiteXmlPath: "C:\Users\ADMIN\eclipse-workspace\AkashFrameWork\master.xml"
08:36:41.489 [main] WARN  org.testng.xml.TestNGContentHandler - It is strongly recommended to add "<!DOCTYPE suite SYSTEM "https://testng.org/testng-1.1.dtd" >" at the top of the suite file [C:\Users\ADMIN\eclipse-workspace\AkashFrameWork\master.xml] otherwise TestNG may fail or not work as expected.
08:36:41.826 [main] INFO  org.testng.internal.Utils - [TestNG] Running:
  C:\Users\ADMIN\eclipse-workspace\AkashFrameWork\master.xml

08:36:47.747 [main] INFO  testCases.tc002_LoginTest - *** Starting TC_002_LoginTest ***
08:36:49.645 [main] INFO  testCases.tc002_LoginTest - *** Finished Test Login TestCase ***
08:36:52.025 [main] DEBUG org.apache.poi.openxml4j.opc.PackageRelationshipCollection - Parsing relationship: /xl/_rels/workbook.xml.rels
08:36:52.030 [main] DEBUG org.apache.poi.openxml4j.opc.PackageRelationshipCollection - Parsing relationship: /xl/worksheets/_rels/sheet1.xml.rels
08:36:52.033 [main] DEBUG org.apache.poi.openxml4j.opc.PackageRelationshipCollection - Parsing relationship: /_rels/.rels
08:36:52.660 [main] DEBUG org.apache.poi.openxml4j.opc.PackageRelationshipCollection - Parsing relationship: /xl/_rels/workbook.xml.rels
08:36:52.662 [main] DEBUG org.apache.poi.openxml4j.opc.PackageRelationshipCollection - Parsing relationship: /xl/worksheets/_rels/sheet1.xml.rels
08:36:52.664 [main] DEBUG org.apache.poi.openxml4j.opc.PackageRelationshipCollection - Parsing relationship: /_rels/.rels
08:40:36.385 [main] DEBUG org.testng.TestNG - suiteXmlPath: "C:\Users\ADMIN\eclipse-workspace\AkashFrameWork\master.xml"
08:40:36.408 [main] WARN  org.testng.xml.TestNGContentHandler - It is strongly recommended to add "<!DOCTYPE suite SYSTEM "https://testng.org/testng-1.1.dtd" >" at the top of the suite file [C:\Users\ADMIN\eclipse-workspace\AkashFrameWork\master.xml] otherwise TestNG may fail or not work as expected.
08:40:36.704 [main] INFO  org.testng.internal.Utils - [TestNG] Running:
  C:\Users\ADMIN\eclipse-workspace\AkashFrameWork\master.xml

08:40:39.207 [main] INFO  testCases.tc002_LoginTest - *** Starting TC_002_LoginTest ***
08:40:41.031 [main] INFO  testCases.tc002_LoginTest - *** Finished Test Login TestCase ***
08:40:43.220 [main] DEBUG org.apache.poi.openxml4j.opc.PackageRelationshipCollection - Parsing relationship: /xl/_rels/workbook.xml.rels
08:40:43.224 [main] DEBUG org.apache.poi.openxml4j.opc.PackageRelationshipCollection - Parsing relationship: /xl/worksheets/_rels/sheet1.xml.rels
08:40:43.227 [main] DEBUG org.apache.poi.openxml4j.opc.PackageRelationshipCollection - Parsing relationship: /_rels/.rels
08:40:43.764 [main] DEBUG org.apache.poi.openxml4j.opc.PackageRelationshipCollection - Parsing relationship: /xl/_rels/workbook.xml.rels
08:40:43.766 [main] DEBUG org.apache.poi.openxml4j.opc.PackageRelationshipCollection - Parsing relationship: /xl/worksheets/_rels/sheet1.xml.rels
08:40:43.774 [main] DEBUG org.apache.poi.openxml4j.opc.PackageRelationshipCollection - Parsing relationship: /_rels/.rels
08:45:14.384 [main] DEBUG org.testng.TestNG - suiteXmlPath: "C:\Users\ADMIN\eclipse-workspace\AkashFrameWork\master.xml"
08:45:14.406 [main] WARN  org.testng.xml.TestNGContentHandler - It is strongly recommended to add "<!DOCTYPE suite SYSTEM "https://testng.org/testng-1.1.dtd" >" at the top of the suite file [C:\Users\ADMIN\eclipse-workspace\AkashFrameWork\master.xml] otherwise TestNG may fail or not work as expected.
08:45:14.689 [main] INFO  org.testng.internal.Utils - [TestNG] Running:
  C:\Users\ADMIN\eclipse-workspace\AkashFrameWork\master.xml

08:45:17.481 [main] DEBUG org.apache.poi.openxml4j.opc.PackageRelationshipCollection - Parsing relationship: /xl/_rels/workbook.xml.rels
08:45:17.485 [main] DEBUG org.apache.poi.openxml4j.opc.PackageRelationshipCollection - Parsing relationship: /xl/worksheets/_rels/sheet1.xml.rels
08:45:17.488 [main] DEBUG org.apache.poi.openxml4j.opc.PackageRelationshipCollection - Parsing relationship: /_rels/.rels
08:45:18.044 [main] DEBUG org.apache.poi.openxml4j.opc.PackageRelationshipCollection - Parsing relationship: /xl/_rels/workbook.xml.rels
08:45:18.046 [main] DEBUG org.apache.poi.openxml4j.opc.PackageRelationshipCollection - Parsing relationship: /xl/worksheets/_rels/sheet1.xml.rels
08:45:18.048 [main] DEBUG org.apache.poi.openxml4j.opc.PackageRelationshipCollection - Parsing relationship: /_rels/.rels
08:51:29.258 [main] DEBUG org.testng.TestNG - suiteXmlPath: "C:\Users\ADMIN\eclipse-workspace\AkashFrameWork\master.xml"
08:51:29.281 [main] WARN  org.testng.xml.TestNGContentHandler - It is strongly recommended to add "<!DOCTYPE suite SYSTEM "https://testng.org/testng-1.1.dtd" >" at the top of the suite file [C:\Users\ADMIN\eclipse-workspace\AkashFrameWork\master.xml] otherwise TestNG may fail or not work as expected.
08:51:29.568 [main] INFO  org.testng.internal.Utils - [TestNG] Running:
  C:\Users\ADMIN\eclipse-workspace\AkashFrameWork\master.xml

08:51:32.339 [main] DEBUG org.apache.poi.openxml4j.opc.PackageRelationshipCollection - Parsing relationship: /xl/_rels/workbook.xml.rels
08:51:32.343 [main] DEBUG org.apache.poi.openxml4j.opc.PackageRelationshipCollection - Parsing relationship: /xl/worksheets/_rels/sheet1.xml.rels
08:51:32.346 [main] DEBUG org.apache.poi.openxml4j.opc.PackageRelationshipCollection - Parsing relationship: /_rels/.rels
08:51:32.860 [main] DEBUG org.apache.poi.openxml4j.opc.PackageRelationshipCollection - Parsing relationship: /xl/_rels/workbook.xml.rels
08:51:32.862 [main] DEBUG org.apache.poi.openxml4j.opc.PackageRelationshipCollection - Parsing relationship: /xl/worksheets/_rels/sheet1.xml.rels
08:51:32.864 [main] DEBUG org.apache.poi.openxml4j.opc.PackageRelationshipCollection - Parsing relationship: /_rels/.rels
08:52:49.851 [main] DEBUG org.testng.TestNG - suiteXmlPath: "C:\Users\ADMIN\eclipse-workspace\AkashFrameWork\master.xml"
08:52:49.874 [main] WARN  org.testng.xml.TestNGContentHandler - It is strongly recommended to add "<!DOCTYPE suite SYSTEM "https://testng.org/testng-1.1.dtd" >" at the top of the suite file [C:\Users\ADMIN\eclipse-workspace\AkashFrameWork\master.xml] otherwise TestNG may fail or not work as expected.
08:52:50.167 [main] INFO  org.testng.internal.Utils - [TestNG] Running:
  C:\Users\ADMIN\eclipse-workspace\AkashFrameWork\master.xml

08:52:52.814 [main] DEBUG org.apache.poi.openxml4j.opc.PackageRelationshipCollection - Parsing relationship: /xl/_rels/workbook.xml.rels
08:52:52.818 [main] DEBUG org.apache.poi.openxml4j.opc.PackageRelationshipCollection - Parsing relationship: /xl/worksheets/_rels/sheet1.xml.rels
08:52:52.821 [main] DEBUG org.apache.poi.openxml4j.opc.PackageRelationshipCollection - Parsing relationship: /_rels/.rels
08:52:53.339 [main] DEBUG org.apache.poi.openxml4j.opc.PackageRelationshipCollection - Parsing relationship: /xl/_rels/workbook.xml.rels
08:52:53.341 [main] DEBUG org.apache.poi.openxml4j.opc.PackageRelationshipCollection - Parsing relationship: /xl/worksheets/_rels/sheet1.xml.rels
08:52:53.343 [main] DEBUG org.apache.poi.openxml4j.opc.PackageRelationshipCollection - Parsing relationship: /_rels/.rels
08:53:44.952 [main] DEBUG org.testng.TestNG - suiteXmlPath: "C:\Users\ADMIN\eclipse-workspace\AkashFrameWork\master.xml"
08:53:44.978 [main] WARN  org.testng.xml.TestNGContentHandler - It is strongly recommended to add "<!DOCTYPE suite SYSTEM "https://testng.org/testng-1.1.dtd" >" at the top of the suite file [C:\Users\ADMIN\eclipse-workspace\AkashFrameWork\master.xml] otherwise TestNG may fail or not work as expected.
08:53:45.308 [main] INFO  org.testng.internal.Utils - [TestNG] Running:
  C:\Users\ADMIN\eclipse-workspace\AkashFrameWork\master.xml

08:53:48.056 [main] DEBUG org.apache.poi.openxml4j.opc.PackageRelationshipCollection - Parsing relationship: /xl/_rels/workbook.xml.rels
08:53:48.059 [main] DEBUG org.apache.poi.openxml4j.opc.PackageRelationshipCollection - Parsing relationship: /xl/worksheets/_rels/sheet1.xml.rels
08:53:48.062 [main] DEBUG org.apache.poi.openxml4j.opc.PackageRelationshipCollection - Parsing relationship: /_rels/.rels
08:53:48.582 [main] DEBUG org.apache.poi.openxml4j.opc.PackageRelationshipCollection - Parsing relationship: /xl/_rels/workbook.xml.rels
08:53:48.584 [main] DEBUG org.apache.poi.openxml4j.opc.PackageRelationshipCollection - Parsing relationship: /xl/worksheets/_rels/sheet1.xml.rels
08:53:48.586 [main] DEBUG org.apache.poi.openxml4j.opc.PackageRelationshipCollection - Parsing relationship: /_rels/.rels
09:00:16.956 [main] DEBUG org.testng.TestNG - suiteXmlPath: "C:\Users\ADMIN\eclipse-workspace\AkashFrameWork\master.xml"
09:00:16.978 [main] WARN  org.testng.xml.TestNGContentHandler - It is strongly recommended to add "<!DOCTYPE suite SYSTEM "https://testng.org/testng-1.1.dtd" >" at the top of the suite file [C:\Users\ADMIN\eclipse-workspace\AkashFrameWork\master.xml] otherwise TestNG may fail or not work as expected.
09:00:17.254 [main] INFO  org.testng.internal.Utils - [TestNG] Running:
  C:\Users\ADMIN\eclipse-workspace\AkashFrameWork\master.xml

09:00:19.674 [main] INFO  testCases.tc002_LoginTest - *** Starting TC_002_LoginTest ***
09:00:21.661 [main] INFO  testCases.tc002_LoginTest - *** Finished Test Login TestCase ***
09:03:11.531 [main] DEBUG org.testng.TestNG - suiteXmlPath: "C:\Users\ADMIN\eclipse-workspace\AkashFrameWork\master.xml"
09:03:11.557 [main] WARN  org.testng.xml.TestNGContentHandler - It is strongly recommended to add "<!DOCTYPE suite SYSTEM "https://testng.org/testng-1.1.dtd" >" at the top of the suite file [C:\Users\ADMIN\eclipse-workspace\AkashFrameWork\master.xml] otherwise TestNG may fail or not work as expected.
09:03:11.838 [main] INFO  org.testng.internal.Utils - [TestNG] Running:
  C:\Users\ADMIN\eclipse-workspace\AkashFrameWork\master.xml

09:03:14.543 [main] DEBUG org.apache.poi.openxml4j.opc.PackageRelationshipCollection - Parsing relationship: /xl/_rels/workbook.xml.rels
09:03:14.547 [main] DEBUG org.apache.poi.openxml4j.opc.PackageRelationshipCollection - Parsing relationship: /xl/worksheets/_rels/sheet1.xml.rels
09:03:14.549 [main] DEBUG org.apache.poi.openxml4j.opc.PackageRelationshipCollection - Parsing relationship: /_rels/.rels
09:03:15.040 [main] DEBUG org.apache.poi.openxml4j.opc.PackageRelationshipCollection - Parsing relationship: /xl/_rels/workbook.xml.rels
09:03:15.043 [main] DEBUG org.apache.poi.openxml4j.opc.PackageRelationshipCollection - Parsing relationship: /xl/worksheets/_rels/sheet1.xml.rels
09:03:15.044 [main] DEBUG org.apache.poi.openxml4j.opc.PackageRelationshipCollection - Parsing relationship: /_rels/.rels
09:06:00.915 [main] DEBUG org.testng.TestNG - suiteXmlPath: "C:\Users\ADMIN\eclipse-workspace\AkashFrameWork\master.xml"
09:06:00.943 [main] WARN  org.testng.xml.TestNGContentHandler - It is strongly recommended to add "<!DOCTYPE suite SYSTEM "https://testng.org/testng-1.1.dtd" >" at the top of the suite file [C:\Users\ADMIN\eclipse-workspace\AkashFrameWork\master.xml] otherwise TestNG may fail or not work as expected.
09:06:01.225 [main] INFO  org.testng.internal.Utils - [TestNG] Running:
  C:\Users\ADMIN\eclipse-workspace\AkashFrameWork\master.xml

09:06:03.891 [main] DEBUG org.apache.poi.openxml4j.opc.PackageRelationshipCollection - Parsing relationship: /xl/_rels/workbook.xml.rels
09:06:03.895 [main] DEBUG org.apache.poi.openxml4j.opc.PackageRelationshipCollection - Parsing relationship: /xl/worksheets/_rels/sheet1.xml.rels
09:06:03.897 [main] DEBUG org.apache.poi.openxml4j.opc.PackageRelationshipCollection - Parsing relationship: /_rels/.rels
09:06:04.450 [main] DEBUG org.apache.poi.openxml4j.opc.PackageRelationshipCollection - Parsing relationship: /xl/_rels/workbook.xml.rels
09:06:04.452 [main] DEBUG org.apache.poi.openxml4j.opc.PackageRelationshipCollection - Parsing relationship: /xl/worksheets/_rels/sheet1.xml.rels
09:06:04.453 [main] DEBUG org.apache.poi.openxml4j.opc.PackageRelationshipCollection - Parsing relationship: /_rels/.rels
09:06:54.955 [main] DEBUG org.testng.TestNG - suiteXmlPath: "C:\Users\ADMIN\eclipse-workspace\AkashFrameWork\master.xml"
09:06:54.983 [main] WARN  org.testng.xml.TestNGContentHandler - It is strongly recommended to add "<!DOCTYPE suite SYSTEM "https://testng.org/testng-1.1.dtd" >" at the top of the suite file [C:\Users\ADMIN\eclipse-workspace\AkashFrameWork\master.xml] otherwise TestNG may fail or not work as expected.
09:06:55.278 [main] INFO  org.testng.internal.Utils - [TestNG] Running:
  C:\Users\ADMIN\eclipse-workspace\AkashFrameWork\master.xml

09:06:57.974 [main] DEBUG org.apache.poi.openxml4j.opc.PackageRelationshipCollection - Parsing relationship: /xl/_rels/workbook.xml.rels
09:06:57.979 [main] DEBUG org.apache.poi.openxml4j.opc.PackageRelationshipCollection - Parsing relationship: /xl/worksheets/_rels/sheet1.xml.rels
09:06:57.981 [main] DEBUG org.apache.poi.openxml4j.opc.PackageRelationshipCollection - Parsing relationship: /_rels/.rels
09:06:58.506 [main] DEBUG org.apache.poi.openxml4j.opc.PackageRelationshipCollection - Parsing relationship: /xl/_rels/workbook.xml.rels
09:06:58.508 [main] DEBUG org.apache.poi.openxml4j.opc.PackageRelationshipCollection - Parsing relationship: /xl/worksheets/_rels/sheet1.xml.rels
09:06:58.509 [main] DEBUG org.apache.poi.openxml4j.opc.PackageRelationshipCollection - Parsing relationship: /_rels/.rels
09:14:21.639 [main] DEBUG org.testng.TestNG - suiteXmlPath: "C:\Users\ADMIN\eclipse-workspace\AkashFrameWork\master.xml"
09:14:21.660 [main] WARN  org.testng.xml.TestNGContentHandler - It is strongly recommended to add "<!DOCTYPE suite SYSTEM "https://testng.org/testng-1.1.dtd" >" at the top of the suite file [C:\Users\ADMIN\eclipse-workspace\AkashFrameWork\master.xml] otherwise TestNG may fail or not work as expected.
09:14:21.926 [main] INFO  org.testng.internal.Utils - [TestNG] Running:
  C:\Users\ADMIN\eclipse-workspace\AkashFrameWork\master.xml

09:14:24.721 [main] DEBUG org.apache.poi.openxml4j.opc.PackageRelationshipCollection - Parsing relationship: /xl/_rels/workbook.xml.rels
09:14:24.724 [main] DEBUG org.apache.poi.openxml4j.opc.PackageRelationshipCollection - Parsing relationship: /xl/worksheets/_rels/sheet1.xml.rels
09:14:24.726 [main] DEBUG org.apache.poi.openxml4j.opc.PackageRelationshipCollection - Parsing relationship: /_rels/.rels
09:14:25.256 [main] DEBUG org.apache.poi.openxml4j.opc.PackageRelationshipCollection - Parsing relationship: /xl/_rels/workbook.xml.rels
09:14:25.258 [main] DEBUG org.apache.poi.openxml4j.opc.PackageRelationshipCollection - Parsing relationship: /xl/worksheets/_rels/sheet1.xml.rels
09:14:25.260 [main] DEBUG org.apache.poi.openxml4j.opc.PackageRelationshipCollection - Parsing relationship: /_rels/.rels
09:19:08.162 [main] DEBUG org.testng.TestNG - suiteXmlPath: "C:\Users\ADMIN\eclipse-workspace\AkashFrameWork\master.xml"
09:19:08.195 [main] WARN  org.testng.xml.TestNGContentHandler - It is strongly recommended to add "<!DOCTYPE suite SYSTEM "https://testng.org/testng-1.1.dtd" >" at the top of the suite file [C:\Users\ADMIN\eclipse-workspace\AkashFrameWork\master.xml] otherwise TestNG may fail or not work as expected.
09:19:08.555 [main] INFO  org.testng.internal.Utils - [TestNG] Running:
  C:\Users\ADMIN\eclipse-workspace\AkashFrameWork\master.xml

09:19:12.991 [main] DEBUG org.apache.poi.openxml4j.opc.PackageRelationshipCollection - Parsing relationship: /xl/_rels/workbook.xml.rels
09:19:12.995 [main] DEBUG org.apache.poi.openxml4j.opc.PackageRelationshipCollection - Parsing relationship: /xl/worksheets/_rels/sheet1.xml.rels
09:19:12.999 [main] DEBUG org.apache.poi.openxml4j.opc.PackageRelationshipCollection - Parsing relationship: /_rels/.rels
09:19:13.648 [main] DEBUG org.apache.poi.openxml4j.opc.PackageRelationshipCollection - Parsing relationship: /xl/_rels/workbook.xml.rels
09:19:13.650 [main] DEBUG org.apache.poi.openxml4j.opc.PackageRelationshipCollection - Parsing relationship: /xl/worksheets/_rels/sheet1.xml.rels
09:19:13.652 [main] DEBUG org.apache.poi.openxml4j.opc.PackageRelationshipCollection - Parsing relationship: /_rels/.rels
09:21:43.483 [main] DEBUG org.testng.TestNG - suiteXmlPath: "C:\Users\ADMIN\eclipse-workspace\AkashFrameWork\master.xml"
09:21:43.516 [main] WARN  org.testng.xml.TestNGContentHandler - It is strongly recommended to add "<!DOCTYPE suite SYSTEM "https://testng.org/testng-1.1.dtd" >" at the top of the suite file [C:\Users\ADMIN\eclipse-workspace\AkashFrameWork\master.xml] otherwise TestNG may fail or not work as expected.
09:21:43.822 [main] INFO  org.testng.internal.Utils - [TestNG] Running:
  C:\Users\ADMIN\eclipse-workspace\AkashFrameWork\master.xml

09:22:15.598 [main] DEBUG org.testng.TestNG - suiteXmlPath: "C:\Users\ADMIN\eclipse-workspace\AkashFrameWork\master.xml"
09:22:15.620 [main] WARN  org.testng.xml.TestNGContentHandler - It is strongly recommended to add "<!DOCTYPE suite SYSTEM "https://testng.org/testng-1.1.dtd" >" at the top of the suite file [C:\Users\ADMIN\eclipse-workspace\AkashFrameWork\master.xml] otherwise TestNG may fail or not work as expected.
09:22:15.876 [main] INFO  org.testng.internal.Utils - [TestNG] Running:
  C:\Users\ADMIN\eclipse-workspace\AkashFrameWork\master.xml

09:27:32.433 [main] DEBUG org.testng.TestNG - suiteXmlPath: "C:\Users\ADMIN\eclipse-workspace\AkashFrameWork\master.xml"
09:27:32.456 [main] WARN  org.testng.xml.TestNGContentHandler - It is strongly recommended to add "<!DOCTYPE suite SYSTEM "https://testng.org/testng-1.1.dtd" >" at the top of the suite file [C:\Users\ADMIN\eclipse-workspace\AkashFrameWork\master.xml] otherwise TestNG may fail or not work as expected.
09:27:32.687 [main] INFO  org.testng.internal.Utils - [TestNG] Running:
  C:\Users\ADMIN\eclipse-workspace\AkashFrameWork\master.xml

09:54:44.369 [main] DEBUG org.testng.TestNG - suiteXmlPath: "C:\Users\ADMIN\eclipse-workspace\AkashFrameWork\master.xml"
09:54:44.410 [main] WARN  org.testng.xml.TestNGContentHandler - It is strongly recommended to add "<!DOCTYPE suite SYSTEM "https://testng.org/testng-1.1.dtd" >" at the top of the suite file [C:\Users\ADMIN\eclipse-workspace\AkashFrameWork\master.xml] otherwise TestNG may fail or not work as expected.
09:54:44.968 [main] INFO  org.testng.internal.Utils - [TestNG] Running:
  C:\Users\ADMIN\eclipse-workspace\AkashFrameWork\master.xml

09:54:50.663 [main] INFO  testCases.tc002_LoginTest - *** Starting TC_002_LoginTest ***
09:54:53.430 [main] INFO  testCases.tc002_LoginTest - *** Finished Test Login TestCase ***
10:10:40.839 [main] DEBUG org.testng.TestNG - suiteXmlPath: "C:\Users\ADMIN\eclipse-workspace\AkashFrameWork\master.xml"
10:10:40.884 [main] WARN  org.testng.xml.TestNGContentHandler - It is strongly recommended to add "<!DOCTYPE suite SYSTEM "https://testng.org/testng-1.1.dtd" >" at the top of the suite file [C:\Users\ADMIN\eclipse-workspace\AkashFrameWork\master.xml] otherwise TestNG may fail or not work as expected.
10:10:41.364 [main] INFO  org.testng.internal.Utils - [TestNG] Running:
  C:\Users\ADMIN\eclipse-workspace\AkashFrameWork\master.xml

10:10:46.377 [main] INFO  testCases.tc002_LoginTest - *** Starting TC_002_LoginTest ***
10:10:49.031 [main] INFO  testCases.tc002_LoginTest - *** Finished Test Login TestCase ***
13:26:05.898 [main] DEBUG org.testng.TestNG - suiteXmlPath: "C:\Users\ADMIN\eclipse-workspace\AkashFrameWork\master.xml"
13:26:05.922 [main] WARN  org.testng.xml.TestNGContentHandler - It is strongly recommended to add "<!DOCTYPE suite SYSTEM "https://testng.org/testng-1.1.dtd" >" at the top of the suite file [C:\Users\ADMIN\eclipse-workspace\AkashFrameWork\master.xml] otherwise TestNG may fail or not work as expected.
13:26:06.209 [main] INFO  org.testng.internal.Utils - [TestNG] Running:
  C:\Users\ADMIN\eclipse-workspace\AkashFrameWork\master.xml

13:26:09.930 [main] DEBUG org.apache.poi.openxml4j.opc.PackageRelationshipCollection - Parsing relationship: /xl/_rels/workbook.xml.rels
13:26:09.934 [main] DEBUG org.apache.poi.openxml4j.opc.PackageRelationshipCollection - Parsing relationship: /xl/worksheets/_rels/sheet1.xml.rels
13:26:09.936 [main] DEBUG org.apache.poi.openxml4j.opc.PackageRelationshipCollection - Parsing relationship: /_rels/.rels
13:26:10.574 [main] DEBUG org.apache.poi.openxml4j.opc.PackageRelationshipCollection - Parsing relationship: /xl/_rels/workbook.xml.rels
13:26:10.576 [main] DEBUG org.apache.poi.openxml4j.opc.PackageRelationshipCollection - Parsing relationship: /xl/worksheets/_rels/sheet1.xml.rels
13:26:10.578 [main] DEBUG org.apache.poi.openxml4j.opc.PackageRelationshipCollection - Parsing relationship: /_rels/.rels
13:30:03.551 [main] DEBUG org.testng.TestNG - suiteXmlPath: "C:\Users\ADMIN\eclipse-workspace\AkashFrameWork\master.xml"
13:30:03.575 [main] WARN  org.testng.xml.TestNGContentHandler - It is strongly recommended to add "<!DOCTYPE suite SYSTEM "https://testng.org/testng-1.1.dtd" >" at the top of the suite file [C:\Users\ADMIN\eclipse-workspace\AkashFrameWork\master.xml] otherwise TestNG may fail or not work as expected.
13:30:03.849 [main] INFO  org.testng.internal.Utils - [TestNG] Running:
  C:\Users\ADMIN\eclipse-workspace\AkashFrameWork\master.xml

13:30:06.830 [main] DEBUG org.apache.poi.openxml4j.opc.PackageRelationshipCollection - Parsing relationship: /xl/_rels/workbook.xml.rels
13:30:06.834 [main] DEBUG org.apache.poi.openxml4j.opc.PackageRelationshipCollection - Parsing relationship: /xl/worksheets/_rels/sheet1.xml.rels
13:30:06.837 [main] DEBUG org.apache.poi.openxml4j.opc.PackageRelationshipCollection - Parsing relationship: /_rels/.rels
13:30:07.404 [main] DEBUG org.apache.poi.openxml4j.opc.PackageRelationshipCollection - Parsing relationship: /xl/_rels/workbook.xml.rels
13:30:07.406 [main] DEBUG org.apache.poi.openxml4j.opc.PackageRelationshipCollection - Parsing relationship: /xl/worksheets/_rels/sheet1.xml.rels
13:30:07.408 [main] DEBUG org.apache.poi.openxml4j.opc.PackageRelationshipCollection - Parsing relationship: /_rels/.rels
13:38:40.684 [main] DEBUG org.testng.TestNG - suiteXmlPath: "C:\Users\ADMIN\eclipse-workspace\AkashFrameWork\master.xml"
13:38:40.992 [main] INFO  org.testng.internal.Utils - [TestNG] Running:
  C:\Users\ADMIN\eclipse-workspace\AkashFrameWork\master.xml

