09:21:42.832 [main] INFO  testCases.tc003_LoginDDT - Clicked My Account
09:21:43.091 [main] INFO  testCases.tc003_LoginDDT - Clicked My Login
09:21:43.092 [main] INFO  testCases.tc003_LoginDDT - *** Login Page ***
09:21:43.093 [main] INFO  testCases.tc003_LoginDDT - Setting email
09:21:43.210 [main] INFO  testCases.tc003_LoginDDT - shejulaakash03@gmail.com
09:21:43.284 [main] INFO  testCases.tc003_LoginDDT - Aakashejul@3596
09:21:43.920 [main] INFO  testCases.tc003_LoginDDT - Clicked Login
09:21:43.920 [main] INFO  testCases.tc003_LoginDDT - *** My Account Page ***
09:21:43.963 [main] INFO  testCases.tc003_LoginDDT - *** Valid Data ***
09:21:43.964 [main] INFO  testCases.tc003_LoginDDT - *** Clicking Logout ***
09:21:44.285 [main] INFO  testCases.tc003_LoginDDT - *** Ending Loggin Validation ***
09:21:44.294 [main] INFO  testCases.tc003_LoginDDT - *** Starting Logging Validation ***
09:21:44.295 [main] INFO  testCases.tc003_LoginDDT - *** Home Page ***
09:21:44.296 [main] INFO  testCases.tc003_LoginDDT - On Home Page
09:21:44.367 [main] INFO  testCases.tc003_LoginDDT - Clicked My Account
09:21:44.608 [main] INFO  testCases.tc003_LoginDDT - Clicked My Login
09:21:44.609 [main] INFO  testCases.tc003_LoginDDT - *** Login Page ***
09:21:44.609 [main] INFO  testCases.tc003_LoginDDT - Setting email
09:21:44.716 [main] INFO  testCases.tc003_LoginDDT - aakashshejul03@gmail.com
09:21:44.796 [main] INFO  testCases.tc003_LoginDDT - Aakashejul@
09:21:44.864 [main] INFO  testCases.tc003_LoginDDT - Clicked Login
09:21:44.864 [main] INFO  testCases.tc003_LoginDDT - *** My Account Page ***
09:21:54.927 [main] INFO  testCases.tc003_LoginDDT - Invalid Data Did not logged in
09:21:54.940 [main] INFO  testCases.tc003_LoginDDT - *** Starting Logging Validation ***
09:21:54.940 [main] INFO  testCases.tc003_LoginDDT - *** Home Page ***
09:21:54.941 [main] INFO  testCases.tc003_LoginDDT - On Home Page
09:21:55.013 [main] INFO  testCases.tc003_LoginDDT - Clicked My Account
09:21:55.446 [main] INFO  testCases.tc003_LoginDDT - Clicked My Login
09:21:55.447 [main] INFO  testCases.tc003_LoginDDT - *** Login Page ***
09:21:55.447 [main] INFO  testCases.tc003_LoginDDT - Setting email
09:21:55.544 [main] INFO  testCases.tc003_LoginDDT - aakashshejul@gmail.com
09:21:55.619 [main] INFO  testCases.tc003_LoginDDT - Aakashejul@
09:21:55.689 [main] INFO  testCases.tc003_LoginDDT - Clicked Login
09:21:55.689 [main] INFO  testCases.tc003_LoginDDT - *** My Account Page ***
09:22:05.742 [main] INFO  testCases.tc003_LoginDDT - Invalid Data Did not logged in
09:22:05.747 [main] INFO  testCases.tc003_LoginDDT - *** Starting Logging Validation ***
09:22:05.748 [main] INFO  testCases.tc003_LoginDDT - *** Home Page ***
09:22:05.748 [main] INFO  testCases.tc003_LoginDDT - On Home Page
09:22:05.816 [main] INFO  testCases.tc003_LoginDDT - Clicked My Account
09:22:06.102 [main] INFO  testCases.tc003_LoginDDT - Clicked My Login
09:22:06.102 [main] INFO  testCases.tc003_LoginDDT - *** Login Page ***
09:22:06.103 [main] INFO  testCases.tc003_LoginDDT - Setting email
09:22:06.199 [main] INFO  testCases.tc003_LoginDDT - aakashshejul@gmail.com
09:22:06.279 [main] INFO  testCases.tc003_LoginDDT - Aakashejul@3596
09:22:06.760 [main] INFO  testCases.tc003_LoginDDT - Clicked Login
09:22:06.760 [main] INFO  testCases.tc003_LoginDDT - *** My Account Page ***
09:22:06.831 [main] INFO  testCases.tc003_LoginDDT - *** Valid Data ***
09:22:06.831 [main] INFO  testCases.tc003_LoginDDT - *** Clicking Logout ***
09:22:07.165 [main] INFO  testCases.tc003_LoginDDT - *** Ending Loggin Validation ***
09:42:50.129 [main] DEBUG org.testng.TestNG - suiteXmlPath: "C:\Users\ADMIN\eclipse-workspace\AkashFrameWork\grouping.xml"
09:42:50.478 [main] INFO  org.testng.internal.Utils - [TestNG] Running:
  C:\Users\ADMIN\eclipse-workspace\AkashFrameWork\grouping.xml

09:42:53.368 [main] INFO  testCases.tc001_AccountRegistrationTest - *** Starting TC001_AccountRegistrationTest ***
09:42:53.509 [main] INFO  testCases.tc001_AccountRegistrationTest - *** Clicked on My Account link ***
09:42:53.881 [main] INFO  testCases.tc001_AccountRegistrationTest - *** Clicked on Register Link ***
09:42:53.884 [main] INFO  testCases.tc001_AccountRegistrationTest - *** Providing Customer Details ***
09:42:55.189 [main] INFO  testCases.tc001_AccountRegistrationTest - *** Validating expected Message ***
09:42:55.229 [main] INFO  testCases.tc001_AccountRegistrationTest - *** Finished TC001_AccountRegistrationTest ***
09:42:57.214 [main] INFO  testCases.tc002_LoginTest - *** Starting TC_002_LoginTest ***
09:42:58.896 [main] INFO  testCases.tc002_LoginTest - *** Finished Test Login TestCase ***
09:47:14.439 [main] DEBUG org.testng.TestNG - suiteXmlPath: "C:\Users\ADMIN\eclipse-workspace\AkashFrameWork\grouping.xml"
09:47:14.740 [main] INFO  org.testng.internal.Utils - [TestNG] Running:
  C:\Users\ADMIN\eclipse-workspace\AkashFrameWork\grouping.xml

09:47:17.341 [main] INFO  testCases.tc002_LoginTest - *** Starting TC_002_LoginTest ***
09:47:19.033 [main] INFO  testCases.tc002_LoginTest - *** Finished Test Login TestCase ***
07:27:41.516 [main] DEBUG org.testng.TestNG - suiteXmlPath: "C:\Users\ADMIN\eclipse-workspace\AkashFrameWork\grouping.xml"
07:27:41.848 [main] INFO  org.testng.internal.Utils - [TestNG] Running:
  C:\Users\ADMIN\eclipse-workspace\AkashFrameWork\grouping.xml

07:28:46.313 [main] DEBUG org.testng.TestNG - suiteXmlPath: "C:\Users\ADMIN\eclipse-workspace\AkashFrameWork\grouping.xml"
07:28:46.643 [main] INFO  org.testng.internal.Utils - [TestNG] Running:
  C:\Users\ADMIN\eclipse-workspace\AkashFrameWork\grouping.xml

07:28:52.855 [main] INFO  testCases.tc001_AccountRegistrationTest - *** Starting TC001_AccountRegistrationTest ***
07:28:53.083 [main] INFO  testCases.tc001_AccountRegistrationTest - *** Clicked on My Account link ***
07:28:53.477 [main] INFO  testCases.tc001_AccountRegistrationTest - *** Clicked on Register Link ***
07:28:53.481 [main] INFO  testCases.tc001_AccountRegistrationTest - *** Providing Customer Details ***
07:28:54.892 [main] INFO  testCases.tc001_AccountRegistrationTest - *** Validating expected Message ***
07:28:54.941 [main] INFO  testCases.tc001_AccountRegistrationTest - *** Finished TC001_AccountRegistrationTest ***
07:28:57.036 [main] INFO  testCases.tc002_LoginTest - *** Starting TC_002_LoginTest ***
07:28:58.750 [main] INFO  testCases.tc002_LoginTest - *** Finished Test Login TestCase ***
07:31:19.635 [main] DEBUG org.testng.TestNG - suiteXmlPath: "C:\Users\ADMIN\eclipse-workspace\AkashFrameWork\grouping.xml"
07:31:20.002 [main] INFO  org.testng.internal.Utils - [TestNG] Running:
  C:\Users\ADMIN\eclipse-workspace\AkashFrameWork\grouping.xml

07:31:24.221 [main] INFO  testCases.tc001_AccountRegistrationTest - *** Starting TC001_AccountRegistrationTest ***
07:31:24.456 [main] INFO  testCases.tc001_AccountRegistrationTest - *** Clicked on My Account link ***
07:31:24.849 [main] INFO  testCases.tc001_AccountRegistrationTest - *** Clicked on Register Link ***
07:31:24.853 [main] INFO  testCases.tc001_AccountRegistrationTest - *** Providing Customer Details ***
07:31:26.317 [main] INFO  testCases.tc001_AccountRegistrationTest - *** Validating expected Message ***
07:31:26.364 [main] INFO  testCases.tc001_AccountRegistrationTest - *** Finished TC001_AccountRegistrationTest ***
07:31:28.476 [main] INFO  testCases.tc002_LoginTest - *** Starting TC_002_LoginTest ***
07:31:30.110 [main] INFO  testCases.tc002_LoginTest - *** Finished Test Login TestCase ***
07:36:52.723 [main] DEBUG org.testng.TestNG - suiteXmlPath: "C:\Users\ADMIN\eclipse-workspace\AkashFrameWork\grouping.xml"
07:36:53.072 [main] INFO  org.testng.internal.Utils - [TestNG] Running:
  C:\Users\ADMIN\eclipse-workspace\AkashFrameWork\grouping.xml

07:36:56.020 [main] INFO  testCases.tc001_AccountRegistrationTest - *** Starting TC001_AccountRegistrationTest ***
07:36:56.210 [main] INFO  testCases.tc001_AccountRegistrationTest - *** Clicked on My Account link ***
07:36:56.567 [main] INFO  testCases.tc001_AccountRegistrationTest - *** Clicked on Register Link ***
07:36:56.571 [main] INFO  testCases.tc001_AccountRegistrationTest - *** Providing Customer Details ***
07:36:58.128 [main] INFO  testCases.tc001_AccountRegistrationTest - *** Validating expected Message ***
07:36:58.171 [main] INFO  testCases.tc001_AccountRegistrationTest - *** Finished TC001_AccountRegistrationTest ***
07:37:00.304 [main] INFO  testCases.tc002_LoginTest - *** Starting TC_002_LoginTest ***
07:37:01.956 [main] INFO  testCases.tc002_LoginTest - *** Finished Test Login TestCase ***
07:38:47.000 [main] DEBUG org.testng.TestNG - suiteXmlPath: "C:\Users\ADMIN\eclipse-workspace\AkashFrameWork\grouping.xml"
07:38:47.284 [main] INFO  org.testng.internal.Utils - [TestNG] Running:
  C:\Users\ADMIN\eclipse-workspace\AkashFrameWork\grouping.xml

07:38:49.969 [main] INFO  testCases.tc001_AccountRegistrationTest - *** Starting TC001_AccountRegistrationTest ***
07:38:50.154 [main] INFO  testCases.tc001_AccountRegistrationTest - *** Clicked on My Account link ***
07:38:50.509 [main] INFO  testCases.tc001_AccountRegistrationTest - *** Clicked on Register Link ***
07:38:50.513 [main] INFO  testCases.tc001_AccountRegistrationTest - *** Providing Customer Details ***
07:38:51.940 [main] INFO  testCases.tc001_AccountRegistrationTest - *** Validating expected Message ***
07:38:51.991 [main] INFO  testCases.tc001_AccountRegistrationTest - *** Finished TC001_AccountRegistrationTest ***
07:38:54.040 [main] INFO  testCases.tc002_LoginTest - *** Starting TC_002_LoginTest ***
07:48:36.470 [main] DEBUG org.testng.TestNG - suiteXmlPath: "C:\Users\ADMIN\eclipse-workspace\AkashFrameWork\master.xml"
07:48:36.794 [main] INFO  org.testng.internal.Utils - [TestNG] Running:
  C:\Users\ADMIN\eclipse-workspace\AkashFrameWork\master.xml

07:48:39.783 [main] INFO  testCases.tc001_AccountRegistrationTest - *** Starting TC001_AccountRegistrationTest ***
07:48:39.967 [main] INFO  testCases.tc001_AccountRegistrationTest - *** Clicked on My Account link ***
07:48:40.321 [main] INFO  testCases.tc001_AccountRegistrationTest - *** Clicked on Register Link ***
07:48:40.325 [main] INFO  testCases.tc001_AccountRegistrationTest - *** Providing Customer Details ***
07:48:41.626 [main] INFO  testCases.tc001_AccountRegistrationTest - *** Validating expected Message ***
07:48:41.671 [main] INFO  testCases.tc001_AccountRegistrationTest - *** Finished TC001_AccountRegistrationTest ***
07:48:43.847 [main] INFO  testCases.tc002_LoginTest - *** Starting TC_002_LoginTest ***
07:50:55.628 [main] DEBUG org.testng.TestNG - suiteXmlPath: "C:\Users\ADMIN\eclipse-workspace\AkashFrameWork\test-output\testng-failed.xml"
07:50:55.924 [main] INFO  org.testng.internal.Utils - [TestNG] Running:
  C:\Users\ADMIN\eclipse-workspace\AkashFrameWork\test-output\testng-failed.xml

07:50:58.861 [main] INFO  testCases.tc002_LoginTest - *** Starting TC_002_LoginTest ***
07:51:00.580 [main] INFO  testCases.tc002_LoginTest - *** Finished Test Login TestCase ***
07:53:29.237 [main] DEBUG org.testng.TestNG - suiteXmlPath: "C:\Users\ADMIN\eclipse-workspace\AkashFrameWork\master.xml"
07:53:29.569 [main] INFO  org.testng.internal.Utils - [TestNG] Running:
  C:\Users\ADMIN\eclipse-workspace\AkashFrameWork\master.xml

07:53:32.423 [main] INFO  testCases.tc001_AccountRegistrationTest - *** Starting TC001_AccountRegistrationTest ***
07:53:32.615 [main] INFO  testCases.tc001_AccountRegistrationTest - *** Clicked on My Account link ***
07:53:33.096 [main] INFO  testCases.tc001_AccountRegistrationTest - *** Clicked on Register Link ***
07:53:33.099 [main] INFO  testCases.tc001_AccountRegistrationTest - *** Providing Customer Details ***
07:53:34.784 [main] INFO  testCases.tc001_AccountRegistrationTest - *** Validating expected Message ***
07:53:34.824 [main] ERROR testCases.tc001_AccountRegistrationTest - Test Failed
07:53:34.826 [main] DEBUG testCases.tc001_AccountRegistrationTest - Debug logs...
07:53:37.031 [main] INFO  testCases.tc002_LoginTest - *** Starting TC_002_LoginTest ***
07:53:38.682 [main] INFO  testCases.tc002_LoginTest - *** Finished Test Login TestCase ***
18:15:33.788 [main] DEBUG org.testng.TestNG - suiteXmlPath: "C:\Users\ADMIN\eclipse-workspace\AkashFrameWork\master.xml"
18:15:34.147 [main] INFO  org.testng.internal.Utils - [TestNG] Running:
  C:\Users\ADMIN\eclipse-workspace\AkashFrameWork\master.xml

18:15:38.606 [main] INFO  testCases.tc001_AccountRegistrationTest - *** Starting TC001_AccountRegistrationTest ***
18:15:38.805 [main] INFO  testCases.tc001_AccountRegistrationTest - *** Clicked on My Account link ***
18:15:39.223 [main] INFO  testCases.tc001_AccountRegistrationTest - *** Clicked on Register Link ***
18:15:39.226 [main] INFO  testCases.tc001_AccountRegistrationTest - *** Providing Customer Details ***
18:15:40.627 [main] INFO  testCases.tc001_AccountRegistrationTest - *** Validating expected Message ***
18:15:40.684 [main] ERROR testCases.tc001_AccountRegistrationTest - Test Failed
18:15:40.684 [main] DEBUG testCases.tc001_AccountRegistrationTest - Debug logs...
18:15:43.125 [main] INFO  testCases.tc002_LoginTest - *** Starting TC_002_LoginTest ***
18:15:44.968 [main] INFO  testCases.tc002_LoginTest - *** Finished Test Login TestCase ***
18:17:03.439 [main] DEBUG org.testng.TestNG - suiteXmlPath: "C:\Users\ADMIN\eclipse-workspace\AkashFrameWork\master.xml"
18:17:03.733 [main] INFO  org.testng.internal.Utils - [TestNG] Running:
  C:\Users\ADMIN\eclipse-workspace\AkashFrameWork\master.xml

18:17:06.620 [main] INFO  testCases.tc001_AccountRegistrationTest - *** Starting TC001_AccountRegistrationTest ***
18:17:06.781 [main] INFO  testCases.tc001_AccountRegistrationTest - *** Clicked on My Account link ***
18:17:07.190 [main] INFO  testCases.tc001_AccountRegistrationTest - *** Clicked on Register Link ***
18:17:07.194 [main] INFO  testCases.tc001_AccountRegistrationTest - *** Providing Customer Details ***
18:17:08.435 [main] INFO  testCases.tc001_AccountRegistrationTest - *** Validating expected Message ***
18:17:08.477 [main] ERROR testCases.tc001_AccountRegistrationTest - Test Failed
18:17:08.477 [main] DEBUG testCases.tc001_AccountRegistrationTest - Debug logs...
18:17:10.964 [main] INFO  testCases.tc002_LoginTest - *** Starting TC_002_LoginTest ***
18:17:12.674 [main] INFO  testCases.tc002_LoginTest - *** Finished Test Login TestCase ***
18:18:51.230 [main] DEBUG org.testng.TestNG - suiteXmlPath: "C:\Users\ADMIN\eclipse-workspace\AkashFrameWork\master.xml"
18:18:51.585 [main] INFO  org.testng.internal.Utils - [TestNG] Running:
  C:\Users\ADMIN\eclipse-workspace\AkashFrameWork\master.xml

18:18:54.631 [main] INFO  testCases.tc001_AccountRegistrationTest - *** Starting TC001_AccountRegistrationTest ***
18:18:54.817 [main] INFO  testCases.tc001_AccountRegistrationTest - *** Clicked on My Account link ***
18:18:55.215 [main] INFO  testCases.tc001_AccountRegistrationTest - *** Clicked on Register Link ***
18:18:55.219 [main] INFO  testCases.tc001_AccountRegistrationTest - *** Providing Customer Details ***
18:18:56.528 [main] INFO  testCases.tc001_AccountRegistrationTest - *** Validating expected Message ***
18:18:56.577 [main] INFO  testCases.tc001_AccountRegistrationTest - *** Finished TC001_AccountRegistrationTest ***
18:18:58.722 [main] INFO  testCases.tc002_LoginTest - *** Starting TC_002_LoginTest ***
18:19:00.695 [main] INFO  testCases.tc002_LoginTest - *** Finished Test Login TestCase ***
18:21:48.276 [main] DEBUG org.testng.TestNG - suiteXmlPath: "C:\Users\ADMIN\eclipse-workspace\AkashFrameWork\master.xml"
18:21:48.647 [main] INFO  org.testng.internal.Utils - [TestNG] Running:
  C:\Users\ADMIN\eclipse-workspace\AkashFrameWork\master.xml

18:22:36.346 [main] DEBUG org.testng.TestNG - suiteXmlPath: "C:\Users\ADMIN\eclipse-workspace\AkashFrameWork\master.xml"
18:22:36.688 [main] INFO  org.testng.internal.Utils - [TestNG] Running:
  C:\Users\ADMIN\eclipse-workspace\AkashFrameWork\master.xml

18:29:03.006 [main] DEBUG org.testng.TestNG - suiteXmlPath: "C:\Users\ADMIN\eclipse-workspace\AkashFrameWork\master.xml"
18:29:03.329 [main] INFO  org.testng.internal.Utils - [TestNG] Running:
  C:\Users\ADMIN\eclipse-workspace\AkashFrameWork\master.xml

18:30:00.107 [main] DEBUG org.testng.TestNG - suiteXmlPath: "C:\Users\ADMIN\eclipse-workspace\AkashFrameWork\master.xml"
18:30:00.474 [main] INFO  org.testng.internal.Utils - [TestNG] Running:
  C:\Users\ADMIN\eclipse-workspace\AkashFrameWork\master.xml

18:30:04.164 [main] INFO  testCases.tc001_AccountRegistrationTest - *** Starting TC001_AccountRegistrationTest ***
18:30:04.378 [main] INFO  testCases.tc001_AccountRegistrationTest - *** Clicked on My Account link ***
18:30:04.798 [main] INFO  testCases.tc001_AccountRegistrationTest - *** Clicked on Register Link ***
18:30:04.802 [main] INFO  testCases.tc001_AccountRegistrationTest - *** Providing Customer Details ***
18:30:06.669 [main] INFO  testCases.tc001_AccountRegistrationTest - *** Validating expected Message ***
18:30:06.731 [main] INFO  testCases.tc001_AccountRegistrationTest - *** Finished TC001_AccountRegistrationTest ***
18:30:08.750 [main] INFO  testCases.tc002_LoginTest - *** Starting TC_002_LoginTest ***
18:30:10.754 [main] INFO  testCases.tc002_LoginTest - *** Finished Test Login TestCase ***
18:30:27.542 [main] DEBUG org.testng.TestNG - suiteXmlPath: "C:\Users\ADMIN\eclipse-workspace\AkashFrameWork\master.xml"
18:30:27.893 [main] INFO  org.testng.internal.Utils - [TestNG] Running:
  C:\Users\ADMIN\eclipse-workspace\AkashFrameWork\master.xml

18:30:30.743 [main] INFO  testCases.tc001_AccountRegistrationTest - *** Starting TC001_AccountRegistrationTest ***
18:30:30.886 [main] INFO  testCases.tc001_AccountRegistrationTest - *** Clicked on My Account link ***
18:30:31.318 [main] INFO  testCases.tc001_AccountRegistrationTest - *** Clicked on Register Link ***
18:30:31.321 [main] INFO  testCases.tc001_AccountRegistrationTest - *** Providing Customer Details ***
18:30:32.767 [main] INFO  testCases.tc001_AccountRegistrationTest - *** Validating expected Message ***
18:30:32.817 [main] INFO  testCases.tc001_AccountRegistrationTest - *** Finished TC001_AccountRegistrationTest ***
18:30:34.768 [main] INFO  testCases.tc002_LoginTest - *** Starting TC_002_LoginTest ***
18:30:36.654 [main] INFO  testCases.tc002_LoginTest - *** Finished Test Login TestCase ***
18:32:33.873 [main] DEBUG org.testng.TestNG - suiteXmlPath: "C:\Users\ADMIN\eclipse-workspace\AkashFrameWork\crossbrowsertesting.xml"
18:32:33.894 [main] WARN  org.testng.xml.TestNGContentHandler - It is strongly recommended to add "<!DOCTYPE suite SYSTEM "https://testng.org/testng-1.1.dtd" >" at the top of the suite file [C:\Users\ADMIN\eclipse-workspace\AkashFrameWork\crossbrowsertesting.xml] otherwise TestNG may fail or not work as expected.
18:32:34.199 [main] INFO  org.testng.internal.Utils - [TestNG] Running:
  C:\Users\ADMIN\eclipse-workspace\AkashFrameWork\crossbrowsertesting.xml

18:32:34.699 [TestNG-tests-3] INFO  testCases.tc001_AccountRegistrationTest - *** Starting TC001_AccountRegistrationTest ***
18:32:37.734 [TestNG-tests-1] INFO  testCases.tc001_AccountRegistrationTest - *** Starting TC001_AccountRegistrationTest ***
18:32:37.916 [TestNG-tests-1] INFO  testCases.tc001_AccountRegistrationTest - *** Clicked on My Account link ***
18:32:38.354 [TestNG-tests-1] INFO  testCases.tc001_AccountRegistrationTest - *** Clicked on Register Link ***
18:32:38.357 [TestNG-tests-1] INFO  testCases.tc001_AccountRegistrationTest - *** Providing Customer Details ***
18:32:40.450 [TestNG-tests-1] INFO  testCases.tc001_AccountRegistrationTest - *** Validating expected Message ***
18:32:40.538 [TestNG-tests-1] INFO  testCases.tc001_AccountRegistrationTest - *** Finished TC001_AccountRegistrationTest ***
18:34:40.979 [main] DEBUG org.testng.TestNG - suiteXmlPath: "C:\Users\ADMIN\eclipse-workspace\AkashFrameWork\master.xml"
18:34:41.304 [main] INFO  org.testng.internal.Utils - [TestNG] Running:
  C:\Users\ADMIN\eclipse-workspace\AkashFrameWork\master.xml

18:34:44.841 [main] INFO  testCases.tc001_AccountRegistrationTest - *** Starting TC001_AccountRegistrationTest ***
18:34:45.040 [main] INFO  testCases.tc001_AccountRegistrationTest - *** Clicked on My Account link ***
18:34:45.507 [main] INFO  testCases.tc001_AccountRegistrationTest - *** Clicked on Register Link ***
18:34:45.509 [main] INFO  testCases.tc001_AccountRegistrationTest - *** Providing Customer Details ***
18:34:46.903 [main] INFO  testCases.tc001_AccountRegistrationTest - *** Validating expected Message ***
18:34:46.951 [main] INFO  testCases.tc001_AccountRegistrationTest - *** Finished TC001_AccountRegistrationTest ***
18:34:48.981 [main] INFO  testCases.tc002_LoginTest - *** Starting TC_002_LoginTest ***
18:34:51.381 [main] INFO  testCases.tc002_LoginTest - *** Finished Test Login TestCase ***
18:38:26.108 [main] DEBUG org.testng.TestNG - suiteXmlPath: "C:\Users\ADMIN\eclipse-workspace\AkashFrameWork\master.xml"
18:38:26.429 [main] INFO  org.testng.internal.Utils - [TestNG] Running:
  C:\Users\ADMIN\eclipse-workspace\AkashFrameWork\master.xml

18:38:29.206 [main] INFO  testCases.tc001_AccountRegistrationTest - *** Starting TC001_AccountRegistrationTest ***
18:38:29.369 [main] INFO  testCases.tc001_AccountRegistrationTest - *** Clicked on My Account link ***
18:38:29.792 [main] INFO  testCases.tc001_AccountRegistrationTest - *** Clicked on Register Link ***
18:38:29.795 [main] INFO  testCases.tc001_AccountRegistrationTest - *** Providing Customer Details ***
18:38:31.059 [main] INFO  testCases.tc001_AccountRegistrationTest - *** Validating expected Message ***
18:38:31.111 [main] INFO  testCases.tc001_AccountRegistrationTest - *** Finished TC001_AccountRegistrationTest ***
18:38:32.947 [main] INFO  testCases.tc002_LoginTest - *** Starting TC_002_LoginTest ***
18:38:34.707 [main] INFO  testCases.tc002_LoginTest - *** Finished Test Login TestCase ***
08:12:13.089 [main] DEBUG org.testng.TestNG - suiteXmlPath: "C:\Users\ADMIN\eclipse-workspace\AkashFrameWork\master.xml"
08:12:13.507 [main] INFO  org.testng.internal.Utils - [TestNG] Running:
  C:\Users\ADMIN\eclipse-workspace\AkashFrameWork\master.xml

08:14:03.316 [main] DEBUG org.testng.TestNG - suiteXmlPath: "C:\Users\ADMIN\eclipse-workspace\AkashFrameWork\master.xml"
08:14:03.688 [main] INFO  org.testng.internal.Utils - [TestNG] Running:
  C:\Users\ADMIN\eclipse-workspace\AkashFrameWork\master.xml

08:16:10.834 [main] DEBUG org.testng.TestNG - suiteXmlPath: "C:\Users\ADMIN\eclipse-workspace\AkashFrameWork\master.xml"
08:16:11.220 [main] INFO  org.testng.internal.Utils - [TestNG] Running:
  C:\Users\ADMIN\eclipse-workspace\AkashFrameWork\master.xml

08:16:16.313 [main] INFO  testCases.tc001_AccountRegistrationTest - *** Starting TC001_AccountRegistrationTest ***
08:16:16.871 [main] INFO  testCases.tc001_AccountRegistrationTest - *** Clicked on My Account link ***
08:16:17.330 [main] INFO  testCases.tc001_AccountRegistrationTest - *** Clicked on Register Link ***
08:16:17.334 [main] INFO  testCases.tc001_AccountRegistrationTest - *** Providing Customer Details ***
08:16:19.465 [main] INFO  testCases.tc001_AccountRegistrationTest - *** Validating expected Message ***
08:16:19.542 [main] INFO  testCases.tc001_AccountRegistrationTest - *** Finished TC001_AccountRegistrationTest ***
08:16:22.102 [main] INFO  testCases.tc002_LoginTest - *** Starting TC_002_LoginTest ***
08:16:24.948 [main] INFO  testCases.tc002_LoginTest - *** Finished Test Login TestCase ***
08:16:57.774 [main] DEBUG org.testng.TestNG - suiteXmlPath: "C:\Users\ADMIN\eclipse-workspace\AkashFrameWork\master.xml"
08:17:01.764 [main] INFO  testCases.tc001_AccountRegistrationTest - *** Starting TC001_AccountRegistrationTest ***
08:17:02.506 [main] INFO  testCases.tc001_AccountRegistrationTest - *** Clicked on My Account link ***
08:17:03.047 [main] INFO  testCases.tc001_AccountRegistrationTest - *** Clicked on Register Link ***
08:17:03.054 [main] INFO  testCases.tc001_AccountRegistrationTest - *** Providing Customer Details ***
08:17:04.699 [main] INFO  testCases.tc001_AccountRegistrationTest - *** Validating expected Message ***
08:17:04.778 [main] INFO  testCases.tc001_AccountRegistrationTest - *** Finished TC001_AccountRegistrationTest ***
08:17:07.626 [main] INFO  testCases.tc002_LoginTest - *** Starting TC_002_LoginTest ***
08:17:10.368 [main] INFO  testCases.tc002_LoginTest - *** Finished Test Login TestCase ***
09:06:56.163 [main] DEBUG org.testng.TestNG - suiteXmlPath: "C:\Users\ADMIN\eclipse-workspace\AkashFrameWork\master.xml"
09:07:01.453 [main] INFO  testCases.tc001_AccountRegistrationTest - *** Starting TC001_AccountRegistrationTest ***
09:07:02.072 [main] INFO  testCases.tc001_AccountRegistrationTest - *** Clicked on My Account link ***
09:07:02.590 [main] INFO  testCases.tc001_AccountRegistrationTest - *** Clicked on Register Link ***
09:07:02.593 [main] INFO  testCases.tc001_AccountRegistrationTest - *** Providing Customer Details ***
09:07:04.227 [main] INFO  testCases.tc001_AccountRegistrationTest - *** Validating expected Message ***
09:07:04.302 [main] INFO  testCases.tc001_AccountRegistrationTest - *** Finished TC001_AccountRegistrationTest ***
09:07:06.970 [main] INFO  testCases.tc002_LoginTest - *** Starting TC_002_LoginTest ***
09:07:09.677 [main] INFO  testCases.tc002_LoginTest - *** Finished Test Login TestCase ***
09:16:46.835 [main] DEBUG org.testng.TestNG - suiteXmlPath: "C:\Users\ADMIN\eclipse-workspace\AkashFrameWork\master.xml"
09:16:51.383 [main] INFO  testCases.tc001_AccountRegistrationTest - *** Starting TC001_AccountRegistrationTest ***
09:16:51.967 [main] INFO  testCases.tc001_AccountRegistrationTest - *** Clicked on My Account link ***
09:16:52.518 [main] INFO  testCases.tc001_AccountRegistrationTest - *** Clicked on Register Link ***
09:16:52.521 [main] INFO  testCases.tc001_AccountRegistrationTest - *** Providing Customer Details ***
09:16:54.167 [main] INFO  testCases.tc001_AccountRegistrationTest - *** Validating expected Message ***
09:16:54.226 [main] INFO  testCases.tc001_AccountRegistrationTest - *** Finished TC001_AccountRegistrationTest ***
09:16:57.037 [main] INFO  testCases.tc002_LoginTest - *** Starting TC_002_LoginTest ***
09:16:59.548 [main] INFO  testCases.tc002_LoginTest - *** Finished Test Login TestCase ***
